<?xml version="1.0" encoding="UTF-8"?>
<!-- Generated by org.testng.reporters.JUnitReportReporter -->
<testsuite hostname="DESKTOP-P6RL3N5" failures="0" tests="1" name="Com.Actitime.Testscript.Task_test" time="8.430" errors="0" timestamp="2023-03-30T10:00:15 IST" skipped="0">
  <testcase classname="Com.Actitime.Testscript.Task_test" name="creatCustemer" time="8.430"/>
  <system-out/>
</testsuite> <!-- Com.Actitime.Testscript.Task_test -->
